Duplicated file found; will not be sent for synthesis: f:/vivado_project/M3_t/M3_test/M3_test.srcs/sources_1/bd/design_1/ipshared/34f7/hdl/xlconstant_v1_1_vl_rfs.v
Duplicated file found; will not be sent for synthesis: f:/vivado_project/M3_t/M3_test/M3_test.srcs/sources_1/bd/design_1/ipshared/ef1e/hdl/lib_cdc_v1_0_rfs.vhd
Duplicated file found; will not be sent for synthesis: f:/vivado_project/M3_t/M3_test/M3_test.srcs/sources_1/bd/design_1/ipshared/66ea/hdl/axi_lite_ipif_v3_0_vh_rfs.vhd
Duplicated file found; will not be sent for synthesis: f:/vivado_project/M3_t/M3_test/M3_test.srcs/sources_1/bd/design_1/ipshared/ef1e/hdl/lib_cdc_v1_0_rfs.vhd
Duplicated file found; will not be sent for synthesis: f:/vivado_project/M3_t/M3_test/M3_test.srcs/sources_1/bd/design_1/ipshared/ef1e/hdl/lib_cdc_v1_0_rfs.vhd
Duplicated file found; will not be sent for synthesis: f:/vivado_project/M3_t/M3_test/M3_test.srcs/sources_1/bd/design_1/ipshared/8842/hdl/proc_sys_reset_v5_0_vh_rfs.vhd
Duplicated file found; will not be sent for synthesis: f:/vivado_project/M3_t/M3_test/M3_test.srcs/sources_1/bd/design_1/ipshared/ef1e/hdl/lib_cdc_v1_0_rfs.vhd
Duplicated file found; will not be sent for synthesis: f:/vivado_project/M3_t/M3_test/M3_test.srcs/sources_1/bd/design_1/ipshared/8842/hdl/proc_sys_reset_v5_0_vh_rfs.vhd
Duplicated file found; will not be sent for synthesis: f:/vivado_project/M3_t/M3_test/M3_test.srcs/sources_1/bd/design_1/ipshared/66ea/hdl/axi_lite_ipif_v3_0_vh_rfs.vhd
Duplicated file found; will not be sent for synthesis: f:/vivado_project/M3_t/M3_test/M3_test.srcs/sources_1/bd/design_1/ipshared/34f7/hdl/xlconstant_v1_1_vl_rfs.v
Duplicated file found; will not be sent for synthesis: f:/vivado_project/M3_t/M3_test/M3_test.srcs/sources_1/bd/design_1/ipshared/2137/hdl/util_vector_logic_v2_0_vl_rfs.v
Duplicated file found; will not be sent for synthesis: f:/vivado_project/M3_t/M3_test/M3_test.srcs/sources_1/bd/design_1/ipshared/34f7/hdl/xlconstant_v1_1_vl_rfs.v
Duplicated file found; will not be sent for synthesis: f:/vivado_project/M3_t/M3_test/M3_test.srcs/sources_1/bd/design_1/ipshared/b752/hdl/generic_baseblocks_v2_1_vl_rfs.v
Duplicated file found; will not be sent for synthesis: f:/vivado_project/M3_t/M3_test/M3_test.srcs/sources_1/bd/design_1/ipshared/60de/hdl/axi_data_fifo_v2_1_vl_rfs.v
Duplicated file found; will not be sent for synthesis: f:/vivado_project/M3_t/M3_test/M3_test.srcs/sources_1/bd/design_1/ipshared/ec67/hdl/axi_infrastructure_v1_1_0.vh
Duplicated file found; will not be sent for synthesis: f:/vivado_project/M3_t/M3_test/M3_test.srcs/sources_1/bd/design_1/ipshared/ec67/hdl/axi_infrastructure_v1_1_vl_rfs.v
Duplicated file found; will not be sent for synthesis: f:/vivado_project/M3_t/M3_test/M3_test.srcs/sources_1/bd/design_1/ipshared/72d4/hdl/axi_register_slice_v2_1_vl_rfs.v
Duplicated file found; will not be sent for synthesis: f:/vivado_project/M3_t/M3_test/M3_test.srcs/sources_1/bd/design_1/ipshared/2985/hdl/blk_mem_gen_v8_4_vhsyn_rfs.vhd
Duplicated file found; will not be sent for synthesis: f:/vivado_project/M3_t/M3_test/M3_test.srcs/sources_1/bd/design_1/ipshared/276e/hdl/fifo_generator_v13_2_vhsyn_rfs.vhd
CRC performance measure: elapsed=00:00:00.012s;;memory_peak=3276.797MB;;memory_gain=0.000MB
